00:00:21.290 [restartedMain] INFO  com.how2java.springboot_mybatis.Application 48- Starting Application on DESKTOP-0NJGB6D with PID 16988 (D:\JavaWeb\Workspaces\Eclipse202006\springboot_mybatis\target\classes started by super in D:\JavaWeb\Workspaces\Eclipse202006\springboot_mybatis)
00:00:21.292 [restartedMain] DEBUG com.how2java.springboot_mybatis.Application 51- Running with Spring Boot v1.5.9.RELEASE, Spring v4.3.13.RELEASE
00:00:21.293 [restartedMain] INFO  com.how2java.springboot_mybatis.Application 593- No active profile set, falling back to default profiles: default
00:00:21.467 [restartedMain] INFO  org.springframework.boot.context.embedded.AnnotationConfigEmbeddedWebApplicationContext 583- Refreshing org.springframework.boot.context.embedded.AnnotationConfigEmbeddedWebApplicationContext@3729d202: startup date [Thu Sep 24 00:00:21 CST 2020]; root of context hierarchy
00:00:21.973 [background-preinit] INFO  org.hibernate.validator.internal.util.Version 30- HV000001: Hibernate Validator 5.3.6.Final
00:00:26.829 [restartedMain] INFO  org.springframework.boot.context.embedded.tomcat.TomcatEmbeddedServletContainer 89- Tomcat initialized with port(s): 8080 (http)
00:00:26.845 [restartedMain] INFO  org.apache.catalina.core.StandardService 179- Starting service [Tomcat]
00:00:26.846 [restartedMain] INFO  org.apache.catalina.core.StandardEngine 179- Starting Servlet Engine: Apache Tomcat/8.5.23
00:00:27.383 [localhost-startStop-1] INFO  org.apache.jasper.servlet.TldScanner 179- At least one JAR was scanned for TLDs yet contained no TLDs. Enable debug logging for this logger for a complete list of JARs that were scanned but no TLDs were found in them. Skipping unneeded JARs during scanning can improve startup time and JSP compilation time.
00:00:27.407 [localhost-startStop-1] INFO  org.apache.catalina.core.ContainerBase.[Tomcat].[localhost].[/] 179- Initializing Spring embedded WebApplicationContext
00:00:27.408 [localhost-startStop-1] INFO  org.springframework.web.context.ContextLoader 276- Root WebApplicationContext: initialization completed in 5942 ms
00:00:27.805 [localhost-startStop-1] INFO  org.springframework.boot.web.servlet.ServletRegistrationBean 190- Mapping servlet: 'dispatcherServlet' to [/]
00:00:27.814 [localhost-startStop-1] INFO  org.springframework.boot.web.servlet.FilterRegistrationBean 258- Mapping filter: 'characterEncodingFilter' to: [/*]
00:00:27.815 [localhost-startStop-1] INFO  org.springframework.boot.web.servlet.FilterRegistrationBean 258- Mapping filter: 'hiddenHttpMethodFilter' to: [/*]
00:00:27.815 [localhost-startStop-1] INFO  org.springframework.boot.web.servlet.FilterRegistrationBean 258- Mapping filter: 'httpPutFormContentFilter' to: [/*]
00:00:27.816 [localhost-startStop-1] INFO  org.springframework.boot.web.servlet.FilterRegistrationBean 258- Mapping filter: 'requestContextFilter' to: [/*]
00:00:29.221 [restartedMain] INFO  org.springframework.web.servlet.mvc.method.annotation.RequestMappingHandlerAdapter 534- Looking for @ControllerAdvice: org.springframework.boot.context.embedded.AnnotationConfigEmbeddedWebApplicationContext@3729d202: startup date [Thu Sep 24 00:00:21 CST 2020]; root of context hierarchy
00:00:29.355 [restartedMain] INFO  org.springframework.web.servlet.mvc.method.annotation.RequestMappingHandlerMapping 543- Mapped "{[/category/listCategory]}" onto public com.how2java.springboot_mybatis.vo.ResponseEntity com.how2java.springboot_mybatis.web.CategoryController.listCategory(org.springframework.ui.Model,int,int) throws java.lang.Exception
00:00:29.358 [restartedMain] INFO  org.springframework.web.servlet.mvc.method.annotation.RequestMappingHandlerMapping 543- Mapped "{[/hello]}" onto public java.lang.String com.how2java.springboot_mybatis.web.HelloController.hello(org.springframework.ui.Model)
00:00:29.364 [restartedMain] INFO  org.springframework.web.servlet.mvc.method.annotation.RequestMappingHandlerMapping 543- Mapped "{[/error]}" onto public org.springframework.http.ResponseEntity<java.util.Map<java.lang.String, java.lang.Object>> org.springframework.boot.autoconfigure.web.BasicErrorController.error(javax.servlet.http.HttpServletRequest)
00:00:29.365 [restartedMain] INFO  org.springframework.web.servlet.mvc.method.annotation.RequestMappingHandlerMapping 543- Mapped "{[/error],produces=[text/html]}" onto public org.springframework.web.servlet.ModelAndView org.springframework.boot.autoconfigure.web.BasicErrorController.errorHtml(javax.servlet.http.HttpServletRequest,javax.servlet.http.HttpServletResponse)
00:00:29.448 [restartedMain] INFO  org.springframework.web.servlet.handler.SimpleUrlHandlerMapping 362- Mapped URL path [/webjars/**] onto handler of type [class org.springframework.web.servlet.resource.ResourceHttpRequestHandler]
00:00:29.449 [restartedMain] INFO  org.springframework.web.servlet.handler.SimpleUrlHandlerMapping 362- Mapped URL path [/**] onto handler of type [class org.springframework.web.servlet.resource.ResourceHttpRequestHandler]
00:00:29.533 [restartedMain] INFO  org.springframework.web.servlet.handler.SimpleUrlHandlerMapping 362- Mapped URL path [/**/favicon.ico] onto handler of type [class org.springframework.web.servlet.resource.ResourceHttpRequestHandler]
00:00:30.123 [restartedMain] INFO  org.springframework.boot.devtools.autoconfigure.OptionalLiveReloadServer 58- LiveReload server is running on port 35729
00:00:30.406 [restartedMain] INFO  org.springframework.jmx.export.annotation.AnnotationMBeanExporter 431- Registering beans for JMX exposure on startup
00:00:30.442 [restartedMain] INFO  org.apache.coyote.http11.Http11NioProtocol 179- Initializing ProtocolHandler ["http-nio-8080"]
00:00:30.470 [restartedMain] INFO  org.apache.coyote.http11.Http11NioProtocol 179- Starting ProtocolHandler ["http-nio-8080"]
00:00:30.526 [restartedMain] INFO  org.apache.tomcat.util.net.NioSelectorPool 179- Using a shared selector for servlet write/read
00:00:30.623 [restartedMain] INFO  org.springframework.boot.context.embedded.tomcat.TomcatEmbeddedServletContainer 201- Tomcat started on port(s): 8080 (http)
00:00:30.633 [restartedMain] INFO  com.how2java.springboot_mybatis.Application 57- Started Application in 10.132 seconds (JVM running for 11.065)
00:02:50.054 [Thread-6] INFO  org.springframework.boot.context.embedded.AnnotationConfigEmbeddedWebApplicationContext 984- Closing org.springframework.boot.context.embedded.AnnotationConfigEmbeddedWebApplicationContext@3729d202: startup date [Thu Sep 24 00:00:21 CST 2020]; root of context hierarchy
00:02:50.058 [Thread-6] INFO  org.springframework.jmx.export.annotation.AnnotationMBeanExporter 449- Unregistering JMX-exposed beans on shutdown
00:02:51.963 [restartedMain] INFO  com.how2java.springboot_mybatis.Application 48- Starting Application on DESKTOP-0NJGB6D with PID 16988 (D:\JavaWeb\Workspaces\Eclipse202006\springboot_mybatis\target\classes started by super in D:\JavaWeb\Workspaces\Eclipse202006\springboot_mybatis)
00:02:51.964 [restartedMain] DEBUG com.how2java.springboot_mybatis.Application 51- Running with Spring Boot v1.5.9.RELEASE, Spring v4.3.13.RELEASE
00:02:51.964 [restartedMain] INFO  com.how2java.springboot_mybatis.Application 593- No active profile set, falling back to default profiles: default
00:02:51.972 [restartedMain] INFO  org.springframework.boot.context.embedded.AnnotationConfigEmbeddedWebApplicationContext 583- Refreshing org.springframework.boot.context.embedded.AnnotationConfigEmbeddedWebApplicationContext@339093ea: startup date [Thu Sep 24 00:02:51 CST 2020]; root of context hierarchy
00:02:53.210 [restartedMain] INFO  org.springframework.boot.context.embedded.tomcat.TomcatEmbeddedServletContainer 89- Tomcat initialized with port(s): 8080 (http)
00:02:53.250 [restartedMain] INFO  org.apache.catalina.core.StandardService 179- Starting service [Tomcat]
00:02:53.253 [restartedMain] INFO  org.apache.catalina.core.StandardEngine 179- Starting Servlet Engine: Apache Tomcat/8.5.23
00:02:53.551 [localhost-startStop-1] INFO  org.apache.jasper.servlet.TldScanner 179- At least one JAR was scanned for TLDs yet contained no TLDs. Enable debug logging for this logger for a complete list of JARs that were scanned but no TLDs were found in them. Skipping unneeded JARs during scanning can improve startup time and JSP compilation time.
00:02:53.560 [localhost-startStop-1] INFO  org.apache.catalina.core.ContainerBase.[Tomcat].[localhost].[/] 179- Initializing Spring embedded WebApplicationContext
00:02:53.561 [localhost-startStop-1] INFO  org.springframework.web.context.ContextLoader 276- Root WebApplicationContext: initialization completed in 1590 ms
00:02:53.624 [localhost-startStop-1] INFO  org.springframework.boot.web.servlet.ServletRegistrationBean 190- Mapping servlet: 'dispatcherServlet' to [/]
00:02:53.625 [localhost-startStop-1] INFO  org.springframework.boot.web.servlet.FilterRegistrationBean 258- Mapping filter: 'characterEncodingFilter' to: [/*]
00:02:53.626 [localhost-startStop-1] INFO  org.springframework.boot.web.servlet.FilterRegistrationBean 258- Mapping filter: 'hiddenHttpMethodFilter' to: [/*]
00:02:53.626 [localhost-startStop-1] INFO  org.springframework.boot.web.servlet.FilterRegistrationBean 258- Mapping filter: 'httpPutFormContentFilter' to: [/*]
00:02:53.626 [localhost-startStop-1] INFO  org.springframework.boot.web.servlet.FilterRegistrationBean 258- Mapping filter: 'requestContextFilter' to: [/*]
00:02:54.103 [restartedMain] INFO  org.springframework.web.servlet.mvc.method.annotation.RequestMappingHandlerAdapter 534- Looking for @ControllerAdvice: org.springframework.boot.context.embedded.AnnotationConfigEmbeddedWebApplicationContext@339093ea: startup date [Thu Sep 24 00:02:51 CST 2020]; root of context hierarchy
00:02:54.117 [restartedMain] INFO  org.springframework.web.servlet.mvc.method.annotation.RequestMappingHandlerMapping 543- Mapped "{[/category/listCategory]}" onto public com.how2java.springboot_mybatis.vo.ResponseEntity com.how2java.springboot_mybatis.web.CategoryController.listCategory(org.springframework.ui.Model,int,int) throws java.lang.Exception
00:02:54.120 [restartedMain] INFO  org.springframework.web.servlet.mvc.method.annotation.RequestMappingHandlerMapping 543- Mapped "{[/hello]}" onto public java.lang.String com.how2java.springboot_mybatis.web.HelloController.hello(org.springframework.ui.Model)
00:02:54.123 [restartedMain] INFO  org.springframework.web.servlet.mvc.method.annotation.RequestMappingHandlerMapping 543- Mapped "{[/error]}" onto public org.springframework.http.ResponseEntity<java.util.Map<java.lang.String, java.lang.Object>> org.springframework.boot.autoconfigure.web.BasicErrorController.error(javax.servlet.http.HttpServletRequest)
00:02:54.124 [restartedMain] INFO  org.springframework.web.servlet.mvc.method.annotation.RequestMappingHandlerMapping 543- Mapped "{[/error],produces=[text/html]}" onto public org.springframework.web.servlet.ModelAndView org.springframework.boot.autoconfigure.web.BasicErrorController.errorHtml(javax.servlet.http.HttpServletRequest,javax.servlet.http.HttpServletResponse)
00:02:54.138 [restartedMain] INFO  org.springframework.web.servlet.handler.SimpleUrlHandlerMapping 362- Mapped URL path [/webjars/**] onto handler of type [class org.springframework.web.servlet.resource.ResourceHttpRequestHandler]
00:02:54.138 [restartedMain] INFO  org.springframework.web.servlet.handler.SimpleUrlHandlerMapping 362- Mapped URL path [/**] onto handler of type [class org.springframework.web.servlet.resource.ResourceHttpRequestHandler]
00:02:54.161 [restartedMain] INFO  org.springframework.web.servlet.handler.SimpleUrlHandlerMapping 362- Mapped URL path [/**/favicon.ico] onto handler of type [class org.springframework.web.servlet.resource.ResourceHttpRequestHandler]
00:02:54.277 [restartedMain] INFO  org.springframework.boot.devtools.autoconfigure.OptionalLiveReloadServer 58- LiveReload server is running on port 35729
00:02:54.461 [restartedMain] INFO  org.springframework.jmx.export.annotation.AnnotationMBeanExporter 431- Registering beans for JMX exposure on startup
00:02:54.475 [restartedMain] INFO  org.apache.coyote.http11.Http11NioProtocol 179- Initializing ProtocolHandler ["http-nio-8080"]
00:02:54.476 [restartedMain] INFO  org.apache.coyote.http11.Http11NioProtocol 179- Starting ProtocolHandler ["http-nio-8080"]
00:02:54.484 [restartedMain] INFO  org.apache.tomcat.util.net.NioSelectorPool 179- Using a shared selector for servlet write/read
00:02:54.517 [restartedMain] INFO  org.springframework.boot.context.embedded.tomcat.TomcatEmbeddedServletContainer 201- Tomcat started on port(s): 8080 (http)
00:02:54.522 [restartedMain] INFO  com.how2java.springboot_mybatis.Application 57- Started Application in 2.686 seconds (JVM running for 154.953)
